2022-03-18 13:42:03[server.js] info: "Server Started"
2022-03-18 13:42:08[server.js] info: "GET /test 200 40 - 24.433 ms\n"
2022-03-18 13:42:11[server.js] info: "POST /test 200 41 - 6.012 ms\n"
2022-03-18 13:44:24[server.js] info: "Server Started"
2022-03-18 13:45:03[server.js] info: "GET / 404 139 - 8.780 ms\n"
2022-03-18 13:45:11[server.js] info: "GET /test 200 40 - 3.139 ms\n"
2022-03-18 13:45:11[server.js] info: "GET /favicon.ico 404 150 - 1.152 ms\n"
2022-03-18 13:47:54[server.js] info: "GET /test?username=Leo 200 40 - 23.597 ms\n"
2022-03-18 13:53:43[server.js] info: "GET /test?num1=12&num2=6&operator=add 200 40 - 15.623 ms\n"
2022-03-18 13:54:28[server.js] info: "Server Started"
2022-03-18 13:54:30[server.js] info: "GET /test?num1=12&num2=6&operator=add 200 40 - 24.321 ms\n"
2022-03-18 13:54:42[server.js] info: "GET /calculator 500 1427 - 5.168 ms\n"
2022-03-18 13:56:08[server.js] info: "Server Started"
2022-03-18 13:56:11[server.js] info: "GET /calculator?num1=12&num2=6&operator=add 200 16 - 21.215 ms\n"
2022-03-18 13:57:49[server.js] info: "Server Started"
2022-03-18 13:57:51[server.js] info: "GET /calculator?num1=12&num2=6&operator=add 500 1434 - 28.684 ms\n"
2022-03-18 13:59:11[server.js] info: "Server Started"
2022-03-18 13:59:13[server.js] info: "GET /calculator?num1=12&num2=6&operator=add 200 17 - 33.034 ms\n"
2022-03-18 13:59:22[server.js] info: "GET /calculator?num1=12&num2=6&operator=subtract 200 16 - 1.793 ms\n"
2022-03-18 13:59:30[server.js] info: "GET /calculator?num1=12&num2=6&operator=multiply 200 17 - 1.308 ms\n"
2022-03-18 13:59:39[server.js] info: "GET /calculator?num1=12&num2=6&operator=divide 200 16 - 0.585 ms\n"
